The system is: Linux - 3.10.0-1160.62.1.el7.x86_64 - x86_64
Compiling the C compiler identification source file "CMakeCCompilerId.c" succeeded.
Compiler: /usr/local/bin/cc 
Build flags: 
Id flags: 

The output was:
0


Compilation of the C compiler identification source "CMakeCCompilerId.c" produced "a.out"

The C compiler identification is GNU, found in "/home/admin/MyComputerStudy/study/C++/MyTinySTL/build/CMakeFiles/2.8.12.2/CompilerIdC/a.out"

Compiling the CXX compiler identification source file "CMakeCXXCompilerId.cpp" succeeded.
Compiler: /usr/local/bin/c++ 
Build flags: 
Id flags: 

The output was:
0


Compilation of the CXX compiler identification source "CMakeCXXCompilerId.cpp" produced "a.out"

The CXX compiler identification is GNU, found in "/home/admin/MyComputerStudy/study/C++/MyTinySTL/build/CMakeFiles/2.8.12.2/CompilerIdCXX/a.out"

Determining if the C compiler works passed with the following output:
Change Dir: /home/admin/MyComputerStudy/study/C++/MyTinySTL/build/CMakeFiles/CMakeTmp

Run Build Command:/usr/bin/gmake "cmTryCompileExec597452878/fast"
/usr/bin/gmake -f CMakeFiles/cmTryCompileExec597452878.dir/build.make CMakeFiles/cmTryCompileExec597452878.dir/build
gmake[1]: Entering directory `/home/admin/MyComputerStudy/study/C++/MyTinySTL/build/CMakeFiles/CMakeTmp'
/usr/bin/cmake -E cmake_progress_report /home/admin/MyComputerStudy/study/C++/MyTinySTL/build/CMakeFiles/CMakeTmp/CMakeFiles 1
Building C object CMakeFiles/cmTryCompileExec597452878.dir/testCCompiler.c.o
/usr/local/bin/cc    -o CMakeFiles/cmTryCompileExec597452878.dir/testCCompiler.c.o   -c /home/admin/MyComputerStudy/study/C++/MyTinySTL/build/CMakeFiles/CMakeTmp/testCCompiler.c
Linking C executable cmTryCompileExec597452878
/usr/bin/cmake -E cmake_link_script CMakeFiles/cmTryCompileExec597452878.dir/link.txt --verbose=1
/usr/local/bin/cc       CMakeFiles/cmTryCompileExec597452878.dir/testCCompiler.c.o  -o cmTryCompileExec597452878 -rdynamic 
gmake[1]: Leaving directory `/home/admin/MyComputerStudy/study/C++/MyTinySTL/build/CMakeFiles/CMakeTmp'


Detecting C compiler ABI info compiled with the following output:
Change Dir: /home/admin/MyComputerStudy/study/C++/MyTinySTL/build/CMakeFiles/CMakeTmp

Run Build Command:/usr/bin/gmake "cmTryCompileExec251437482/fast"
/usr/bin/gmake -f CMakeFiles/cmTryCompileExec251437482.dir/build.make CMakeFiles/cmTryCompileExec251437482.dir/build
gmake[1]: Entering directory `/home/admin/MyComputerStudy/study/C++/MyTinySTL/build/CMakeFiles/CMakeTmp'
/usr/bin/cmake -E cmake_progress_report /home/admin/MyComputerStudy/study/C++/MyTinySTL/build/CMakeFiles/CMakeTmp/CMakeFiles 1
Building C object CMakeFiles/cmTryCompileExec251437482.dir/CMakeCCompilerABI.c.o
/usr/local/bin/cc    -o CMakeFiles/cmTryCompileExec251437482.dir/CMakeCCompilerABI.c.o   -c /usr/share/cmake/Modules/CMakeCCompilerABI.c
Linking C executable cmTryCompileExec251437482
/usr/bin/cmake -E cmake_link_script CMakeFiles/cmTryCompileExec251437482.dir/link.txt --verbose=1
/usr/local/bin/cc     -v CMakeFiles/cmTryCompileExec251437482.dir/CMakeCCompilerABI.c.o  -o cmTryCompileExec251437482 -rdynamic  
Using built-in specs.
COLLECT_GCC=/usr/local/bin/cc
COLLECT_LTO_WRAPPER=/opt/rh/devtoolset-4/root/usr/libexec/gcc/x86_64-redhat-linux/5.2.1/lto-wrapper
Target: x86_64-redhat-linux
Configured with: ../configure --enable-bootstrap --enable-languages=c,c++,fortran,lto --prefix=/opt/rh/devtoolset-4/root/usr --mandir=/opt/rh/devtoolset-4/root/usr/share/man --infodir=/opt/rh/devtoolset-4/root/usr/share/info --with-bugurl=http://bugzilla.redhat.com/bugzilla --enable-shared --enable-threads=posix --enable-checking=release --enable-multilib --with-system-zlib --enable-__cxa_atexit --disable-libunwind-exceptions --enable-gnu-unique-object --enable-linker-build-id --enable-plugin --with-linker-hash-style=gnu --enable-initfini-array --disable-libgcj --with-default-libstdcxx-abi=gcc4-compatible --with-isl=/builddir/build/BUILD/gcc-5.2.1-20150902/obj-x86_64-redhat-linux/isl-install --enable-libmpx --enable-gnu-indirect-function --with-tune=generic --with-arch_32=i686 --build=x86_64-redhat-linux
Thread model: posix
gcc version 5.2.1 20150902 (Red Hat 5.2.1-2) (GCC) 
COMPILER_PATH=/opt/rh/devtoolset-4/root/usr/libexec/gcc/x86_64-redhat-linux/5.2.1/:/opt/rh/devtoolset-4/root/usr/libexec/gcc/x86_64-redhat-linux/5.2.1/:/opt/rh/devtoolset-4/root/usr/libexec/gcc/x86_64-redhat-linux/:/opt/rh/devtoolset-4/root/usr/lib/gcc/x86_64-redhat-linux/5.2.1/:/opt/rh/devtoolset-4/root/usr/lib/gcc/x86_64-redhat-linux/
LIBRARY_PATH=/opt/rh/devtoolset-4/root/usr/lib/gcc/x86_64-redhat-linux/5.2.1/:/opt/rh/devtoolset-4/root/usr/lib/gcc/x86_64-redhat-linux/5.2.1/../../../../lib64/:/lib/../lib64/:/usr/lib/../lib64/:/opt/rh/devtoolset-4/root/usr/lib/gcc/x86_64-redhat-linux/5.2.1/../../../:/lib/:/usr/lib/
COLLECT_GCC_OPTIONS='-v' '-o' 'cmTryCompileExec251437482' '-rdynamic' '-mtune=generic' '-march=x86-64'
 /opt/rh/devtoolset-4/root/usr/libexec/gcc/x86_64-redhat-linux/5.2.1/collect2 -plugin /opt/rh/devtoolset-4/root/usr/libexec/gcc/x86_64-redhat-linux/5.2.1/liblto_plugin.so -plugin-opt=/opt/rh/devtoolset-4/root/usr/libexec/gcc/x86_64-redhat-linux/5.2.1/lto-wrapper -plugin-opt=-fresolution=/tmp/ccCWDtEr.res -plugin-opt=-pass-through=-lgcc -plugin-opt=-pass-through=-lgcc_s -plugin-opt=-pass-through=-lc -plugin-opt=-pass-through=-lgcc -plugin-opt=-pass-through=-lgcc_s --build-id --no-add-needed --eh-frame-hdr --hash-style=gnu -m elf_x86_64 -export-dynamic -dynamic-linker /lib64/ld-linux-x86-64.so.2 -o cmTryCompileExec251437482 /lib/../lib64/crt1.o /lib/../lib64/crti.o /opt/rh/devtoolset-4/root/usr/lib/gcc/x86_64-redhat-linux/5.2.1/crtbegin.o -L/opt/rh/devtoolset-4/root/usr/lib/gcc/x86_64-redhat-linux/5.2.1 -L/opt/rh/devtoolset-4/root/usr/lib/gcc/x86_64-redhat-linux/5.2.1/../../../../lib64 -L/lib/../lib64 -L/usr/lib/../lib64 -L/opt/rh/devtoolset-4/root/usr/lib/gcc/x86_64-redhat-linux/5.2.1/../../.. CMakeFiles/cmTryCompileExec251437482.dir/CMakeCCompilerABI.c.o -lgcc --as-needed -lgcc_s --no-as-needed -lc -lgcc --as-needed -lgcc_s --no-as-needed /opt/rh/devtoolset-4/root/usr/lib/gcc/x86_64-redhat-linux/5.2.1/crtend.o /lib/../lib64/crtn.o
gmake[1]: Leaving directory `/home/admin/MyComputerStudy/study/C++/MyTinySTL/build/CMakeFiles/CMakeTmp'


Parsed C implicit link information from above output:
  link line regex: [^( *|.*[/\])(ld|([^/\]+-)?ld|collect2)[^/\]*( |$)]
  ignore line: [Change Dir: /home/admin/MyComputerStudy/study/C++/MyTinySTL/build/CMakeFiles/CMakeTmp]
  ignore line: []
  ignore line: [Run Build Command:/usr/bin/gmake "cmTryCompileExec251437482/fast"]
  ignore line: [/usr/bin/gmake -f CMakeFiles/cmTryCompileExec251437482.dir/build.make CMakeFiles/cmTryCompileExec251437482.dir/build]
  ignore line: [gmake[1]: Entering directory `/home/admin/MyComputerStudy/study/C++/MyTinySTL/build/CMakeFiles/CMakeTmp']
  ignore line: [/usr/bin/cmake -E cmake_progress_report /home/admin/MyComputerStudy/study/C++/MyTinySTL/build/CMakeFiles/CMakeTmp/CMakeFiles 1]
  ignore line: [Building C object CMakeFiles/cmTryCompileExec251437482.dir/CMakeCCompilerABI.c.o]
  ignore line: [/usr/local/bin/cc    -o CMakeFiles/cmTryCompileExec251437482.dir/CMakeCCompilerABI.c.o   -c /usr/share/cmake/Modules/CMakeCCompilerABI.c]
  ignore line: [Linking C executable cmTryCompileExec251437482]
  ignore line: [/usr/bin/cmake -E cmake_link_script CMakeFiles/cmTryCompileExec251437482.dir/link.txt --verbose=1]
  ignore line: [/usr/local/bin/cc     -v CMakeFiles/cmTryCompileExec251437482.dir/CMakeCCompilerABI.c.o  -o cmTryCompileExec251437482 -rdynamic  ]
  ignore line: [Using built-in specs.]
  ignore line: [COLLECT_GCC=/usr/local/bin/cc]
  ignore line: [COLLECT_LTO_WRAPPER=/opt/rh/devtoolset-4/root/usr/libexec/gcc/x86_64-redhat-linux/5.2.1/lto-wrapper]
  ignore line: [Target: x86_64-redhat-linux]
  ignore line: [Configured with: ../configure --enable-bootstrap --enable-languages=c,c++,fortran,lto --prefix=/opt/rh/devtoolset-4/root/usr --mandir=/opt/rh/devtoolset-4/root/usr/share/man --infodir=/opt/rh/devtoolset-4/root/usr/share/info --with-bugurl=http://bugzilla.redhat.com/bugzilla --enable-shared --enable-threads=posix --enable-checking=release --enable-multilib --with-system-zlib --enable-__cxa_atexit --disable-libunwind-exceptions --enable-gnu-unique-object --enable-linker-build-id --enable-plugin --with-linker-hash-style=gnu --enable-initfini-array --disable-libgcj --with-default-libstdcxx-abi=gcc4-compatible --with-isl=/builddir/build/BUILD/gcc-5.2.1-20150902/obj-x86_64-redhat-linux/isl-install --enable-libmpx --enable-gnu-indirect-function --with-tune=generic --with-arch_32=i686 --build=x86_64-redhat-linux]
  ignore line: [Thread model: posix]
  ignore line: [gcc version 5.2.1 20150902 (Red Hat 5.2.1-2) (GCC) ]
  ignore line: [COMPILER_PATH=/opt/rh/devtoolset-4/root/usr/libexec/gcc/x86_64-redhat-linux/5.2.1/:/opt/rh/devtoolset-4/root/usr/libexec/gcc/x86_64-redhat-linux/5.2.1/:/opt/rh/devtoolset-4/root/usr/libexec/gcc/x86_64-redhat-linux/:/opt/rh/devtoolset-4/root/usr/lib/gcc/x86_64-redhat-linux/5.2.1/:/opt/rh/devtoolset-4/root/usr/lib/gcc/x86_64-redhat-linux/]
  ignore line: [LIBRARY_PATH=/opt/rh/devtoolset-4/root/usr/lib/gcc/x86_64-redhat-linux/5.2.1/:/opt/rh/devtoolset-4/root/usr/lib/gcc/x86_64-redhat-linux/5.2.1/../../../../lib64/:/lib/../lib64/:/usr/lib/../lib64/:/opt/rh/devtoolset-4/root/usr/lib/gcc/x86_64-redhat-linux/5.2.1/../../../:/lib/:/usr/lib/]
  ignore line: [COLLECT_GCC_OPTIONS='-v' '-o' 'cmTryCompileExec251437482' '-rdynamic' '-mtune=generic' '-march=x86-64']
  link line: [ /opt/rh/devtoolset-4/root/usr/libexec/gcc/x86_64-redhat-linux/5.2.1/collect2 -plugin /opt/rh/devtoolset-4/root/usr/libexec/gcc/x86_64-redhat-linux/5.2.1/liblto_plugin.so -plugin-opt=/opt/rh/devtoolset-4/root/usr/libexec/gcc/x86_64-redhat-linux/5.2.1/lto-wrapper -plugin-opt=-fresolution=/tmp/ccCWDtEr.res -plugin-opt=-pass-through=-lgcc -plugin-opt=-pass-through=-lgcc_s -plugin-opt=-pass-through=-lc -plugin-opt=-pass-through=-lgcc -plugin-opt=-pass-through=-lgcc_s --build-id --no-add-needed --eh-frame-hdr --hash-style=gnu -m elf_x86_64 -export-dynamic -dynamic-linker /lib64/ld-linux-x86-64.so.2 -o cmTryCompileExec251437482 /lib/../lib64/crt1.o /lib/../lib64/crti.o /opt/rh/devtoolset-4/root/usr/lib/gcc/x86_64-redhat-linux/5.2.1/crtbegin.o -L/opt/rh/devtoolset-4/root/usr/lib/gcc/x86_64-redhat-linux/5.2.1 -L/opt/rh/devtoolset-4/root/usr/lib/gcc/x86_64-redhat-linux/5.2.1/../../../../lib64 -L/lib/../lib64 -L/usr/lib/../lib64 -L/opt/rh/devtoolset-4/root/usr/lib/gcc/x86_64-redhat-linux/5.2.1/../../.. CMakeFiles/cmTryCompileExec251437482.dir/CMakeCCompilerABI.c.o -lgcc --as-needed -lgcc_s --no-as-needed -lc -lgcc --as-needed -lgcc_s --no-as-needed /opt/rh/devtoolset-4/root/usr/lib/gcc/x86_64-redhat-linux/5.2.1/crtend.o /lib/../lib64/crtn.o]
    arg [/opt/rh/devtoolset-4/root/usr/libexec/gcc/x86_64-redhat-linux/5.2.1/collect2] ==> ignore
    arg [-plugin] ==> ignore
    arg [/opt/rh/devtoolset-4/root/usr/libexec/gcc/x86_64-redhat-linux/5.2.1/liblto_plugin.so] ==> ignore
    arg [-plugin-opt=/opt/rh/devtoolset-4/root/usr/libexec/gcc/x86_64-redhat-linux/5.2.1/lto-wrapper] ==> ignore
    arg [-plugin-opt=-fresolution=/tmp/ccCWDtEr.res] ==> ignore
    arg [-plugin-opt=-pass-through=-lgcc] ==> ignore
    arg [-plugin-opt=-pass-through=-lgcc_s] ==> ignore
    arg [-plugin-opt=-pass-through=-lc] ==> ignore
    arg [-plugin-opt=-pass-through=-lgcc] ==> ignore
    arg [-plugin-opt=-pass-through=-lgcc_s] ==> ignore
    arg [--build-id] ==> ignore
    arg [--no-add-needed] ==> ignore
    arg [--eh-frame-hdr] ==> ignore
    arg [--hash-style=gnu] ==> ignore
    arg [-m] ==> ignore
    arg [elf_x86_64] ==> ignore
    arg [-export-dynamic] ==> ignore
    arg [-dynamic-linker] ==> ignore
    arg [/lib64/ld-linux-x86-64.so.2] ==> ignore
    arg [-o] ==> ignore
    arg [cmTryCompileExec251437482] ==> ignore
    arg [/lib/../lib64/crt1.o] ==> ignore
    arg [/lib/../lib64/crti.o] ==> ignore
    arg [/opt/rh/devtoolset-4/root/usr/lib/gcc/x86_64-redhat-linux/5.2.1/crtbegin.o] ==> ignore
    arg [-L/opt/rh/devtoolset-4/root/usr/lib/gcc/x86_64-redhat-linux/5.2.1] ==> dir [/opt/rh/devtoolset-4/root/usr/lib/gcc/x86_64-redhat-linux/5.2.1]
    arg [-L/opt/rh/devtoolset-4/root/usr/lib/gcc/x86_64-redhat-linux/5.2.1/../../../../lib64] ==> dir [/opt/rh/devtoolset-4/root/usr/lib/gcc/x86_64-redhat-linux/5.2.1/../../../../lib64]
    arg [-L/lib/../lib64] ==> dir [/lib/../lib64]
    arg [-L/usr/lib/../lib64] ==> dir [/usr/lib/../lib64]
    arg [-L/opt/rh/devtoolset-4/root/usr/lib/gcc/x86_64-redhat-linux/5.2.1/../../..] ==> dir [/opt/rh/devtoolset-4/root/usr/lib/gcc/x86_64-redhat-linux/5.2.1/../../..]
    arg [CMakeFiles/cmTryCompileExec251437482.dir/CMakeCCompilerABI.c.o] ==> ignore
    arg [-lgcc] ==> lib [gcc]
    arg [--as-needed] ==> ignore
    arg [-lgcc_s] ==> lib [gcc_s]
    arg [--no-as-needed] ==> ignore
    arg [-lc] ==> lib [c]
    arg [-lgcc] ==> lib [gcc]
    arg [--as-needed] ==> ignore
    arg [-lgcc_s] ==> lib [gcc_s]
    arg [--no-as-needed] ==> ignore
    arg [/opt/rh/devtoolset-4/root/usr/lib/gcc/x86_64-redhat-linux/5.2.1/crtend.o] ==> ignore
    arg [/lib/../lib64/crtn.o] ==> ignore
  remove lib [gcc]
  remove lib [gcc_s]
  remove lib [gcc]
  remove lib [gcc_s]
  collapse library dir [/opt/rh/devtoolset-4/root/usr/lib/gcc/x86_64-redhat-linux/5.2.1] ==> [/opt/rh/devtoolset-4/root/usr/lib/gcc/x86_64-redhat-linux/5.2.1]
  collapse library dir [/opt/rh/devtoolset-4/root/usr/lib/gcc/x86_64-redhat-linux/5.2.1/../../../../lib64] ==> [/opt/rh/devtoolset-4/root/usr/lib64]
  collapse library dir [/lib/../lib64] ==> [/lib64]
  collapse library dir [/usr/lib/../lib64] ==> [/usr/lib64]
  collapse library dir [/opt/rh/devtoolset-4/root/usr/lib/gcc/x86_64-redhat-linux/5.2.1/../../..] ==> [/opt/rh/devtoolset-4/root/usr/lib]
  implicit libs: [c]
  implicit dirs: [/opt/rh/devtoolset-4/root/usr/lib/gcc/x86_64-redhat-linux/5.2.1;/opt/rh/devtoolset-4/root/usr/lib64;/lib64;/usr/lib64;/opt/rh/devtoolset-4/root/usr/lib]
  implicit fwks: []


Determining if the CXX compiler works passed with the following output:
Change Dir: /home/admin/MyComputerStudy/study/C++/MyTinySTL/build/CMakeFiles/CMakeTmp

Run Build Command:/usr/bin/gmake "cmTryCompileExec3954363556/fast"
/usr/bin/gmake -f CMakeFiles/cmTryCompileExec3954363556.dir/build.make CMakeFiles/cmTryCompileExec3954363556.dir/build
gmake[1]: Entering directory `/home/admin/MyComputerStudy/study/C++/MyTinySTL/build/CMakeFiles/CMakeTmp'
/usr/bin/cmake -E cmake_progress_report /home/admin/MyComputerStudy/study/C++/MyTinySTL/build/CMakeFiles/CMakeTmp/CMakeFiles 1
Building CXX object CMakeFiles/cmTryCompileExec3954363556.dir/testCXXCompiler.cxx.o
/usr/local/bin/c++     -o CMakeFiles/cmTryCompileExec3954363556.dir/testCXXCompiler.cxx.o -c /home/admin/MyComputerStudy/study/C++/MyTinySTL/build/CMakeFiles/CMakeTmp/testCXXCompiler.cxx
Linking CXX executable cmTryCompileExec3954363556
/usr/bin/cmake -E cmake_link_script CMakeFiles/cmTryCompileExec3954363556.dir/link.txt --verbose=1
/usr/local/bin/c++        CMakeFiles/cmTryCompileExec3954363556.dir/testCXXCompiler.cxx.o  -o cmTryCompileExec3954363556 -rdynamic 
gmake[1]: Leaving directory `/home/admin/MyComputerStudy/study/C++/MyTinySTL/build/CMakeFiles/CMakeTmp'


Detecting CXX compiler ABI info compiled with the following output:
Change Dir: /home/admin/MyComputerStudy/study/C++/MyTinySTL/build/CMakeFiles/CMakeTmp

Run Build Command:/usr/bin/gmake "cmTryCompileExec2200052404/fast"
/usr/bin/gmake -f CMakeFiles/cmTryCompileExec2200052404.dir/build.make CMakeFiles/cmTryCompileExec2200052404.dir/build
gmake[1]: Entering directory `/home/admin/MyComputerStudy/study/C++/MyTinySTL/build/CMakeFiles/CMakeTmp'
/usr/bin/cmake -E cmake_progress_report /home/admin/MyComputerStudy/study/C++/MyTinySTL/build/CMakeFiles/CMakeTmp/CMakeFiles 1
Building CXX object CMakeFiles/cmTryCompileExec2200052404.dir/CMakeCXXCompilerABI.cpp.o
/usr/local/bin/c++     -o CMakeFiles/cmTryCompileExec2200052404.dir/CMakeCXXCompilerABI.cpp.o -c /usr/share/cmake/Modules/CMakeCXXCompilerABI.cpp
Linking CXX executable cmTryCompileExec2200052404
/usr/bin/cmake -E cmake_link_script CMakeFiles/cmTryCompileExec2200052404.dir/link.txt --verbose=1
/usr/local/bin/c++      -v CMakeFiles/cmTryCompileExec2200052404.dir/CMakeCXXCompilerABI.cpp.o  -o cmTryCompileExec2200052404 -rdynamic  
Using built-in specs.
COLLECT_GCC=/usr/local/bin/c++
COLLECT_LTO_WRAPPER=/usr/local/libexec/gcc/x86_64-pc-linux-gnu/11.2.0/lto-wrapper
Target: x86_64-pc-linux-gnu
Configured with: ../configure -enable-checking=release -enable-languages=c,c++ -disable-multilib
Thread model: posix
Supported LTO compression algorithms: zlib
gcc version 11.2.0 (GCC) 
COMPILER_PATH=/usr/local/libexec/gcc/x86_64-pc-linux-gnu/11.2.0/:/usr/local/libexec/gcc/x86_64-pc-linux-gnu/11.2.0/:/usr/local/libexec/gcc/x86_64-pc-linux-gnu/:/usr/local/lib/gcc/x86_64-pc-linux-gnu/11.2.0/:/usr/local/lib/gcc/x86_64-pc-linux-gnu/
LIBRARY_PATH=/usr/local/lib/gcc/x86_64-pc-linux-gnu/11.2.0/:/usr/local/lib/gcc/x86_64-pc-linux-gnu/11.2.0/../../../../lib64/:/lib/../lib64/:/usr/lib/../lib64/:/usr/local/lib/gcc/x86_64-pc-linux-gnu/11.2.0/../../../:/lib/:/usr/lib/
COLLECT_GCC_OPTIONS='-v' '-o' 'cmTryCompileExec2200052404' '-rdynamic' '-shared-libgcc' '-mtune=generic' '-march=x86-64' '-dumpdir' 'cmTryCompileExec2200052404.'
 /usr/local/libexec/gcc/x86_64-pc-linux-gnu/11.2.0/collect2 -plugin /usr/local/libexec/gcc/x86_64-pc-linux-gnu/11.2.0/liblto_plugin.so -plugin-opt=/usr/local/libexec/gcc/x86_64-pc-linux-gnu/11.2.0/lto-wrapper -plugin-opt=-fresolution=/tmp/ccEFkuLK.res -plugin-opt=-pass-through=-lgcc_s -plugin-opt=-pass-through=-lgcc -plugin-opt=-pass-through=-lc -plugin-opt=-pass-through=-lgcc_s -plugin-opt=-pass-through=-lgcc --eh-frame-hdr -m elf_x86_64 -export-dynamic -dynamic-linker /lib64/ld-linux-x86-64.so.2 -o cmTryCompileExec2200052404 /lib/../lib64/crt1.o /lib/../lib64/crti.o /usr/local/lib/gcc/x86_64-pc-linux-gnu/11.2.0/crtbegin.o -L/usr/local/lib/gcc/x86_64-pc-linux-gnu/11.2.0 -L/usr/local/lib/gcc/x86_64-pc-linux-gnu/11.2.0/../../../../lib64 -L/lib/../lib64 -L/usr/lib/../lib64 -L/usr/local/lib/gcc/x86_64-pc-linux-gnu/11.2.0/../../.. CMakeFiles/cmTryCompileExec2200052404.dir/CMakeCXXCompilerABI.cpp.o -lstdc++ -lm -lgcc_s -lgcc -lc -lgcc_s -lgcc /usr/local/lib/gcc/x86_64-pc-linux-gnu/11.2.0/crtend.o /lib/../lib64/crtn.o
COLLECT_GCC_OPTIONS='-v' '-o' 'cmTryCompileExec2200052404' '-rdynamic' '-shared-libgcc' '-mtune=generic' '-march=x86-64' '-dumpdir' 'cmTryCompileExec2200052404.'
gmake[1]: Leaving directory `/home/admin/MyComputerStudy/study/C++/MyTinySTL/build/CMakeFiles/CMakeTmp'


Parsed CXX implicit link information from above output:
  link line regex: [^( *|.*[/\])(ld|([^/\]+-)?ld|collect2)[^/\]*( |$)]
  ignore line: [Change Dir: /home/admin/MyComputerStudy/study/C++/MyTinySTL/build/CMakeFiles/CMakeTmp]
  ignore line: []
  ignore line: [Run Build Command:/usr/bin/gmake "cmTryCompileExec2200052404/fast"]
  ignore line: [/usr/bin/gmake -f CMakeFiles/cmTryCompileExec2200052404.dir/build.make CMakeFiles/cmTryCompileExec2200052404.dir/build]
  ignore line: [gmake[1]: Entering directory `/home/admin/MyComputerStudy/study/C++/MyTinySTL/build/CMakeFiles/CMakeTmp']
  ignore line: [/usr/bin/cmake -E cmake_progress_report /home/admin/MyComputerStudy/study/C++/MyTinySTL/build/CMakeFiles/CMakeTmp/CMakeFiles 1]
  ignore line: [Building CXX object CMakeFiles/cmTryCompileExec2200052404.dir/CMakeCXXCompilerABI.cpp.o]
  ignore line: [/usr/local/bin/c++     -o CMakeFiles/cmTryCompileExec2200052404.dir/CMakeCXXCompilerABI.cpp.o -c /usr/share/cmake/Modules/CMakeCXXCompilerABI.cpp]
  ignore line: [Linking CXX executable cmTryCompileExec2200052404]
  ignore line: [/usr/bin/cmake -E cmake_link_script CMakeFiles/cmTryCompileExec2200052404.dir/link.txt --verbose=1]
  ignore line: [/usr/local/bin/c++      -v CMakeFiles/cmTryCompileExec2200052404.dir/CMakeCXXCompilerABI.cpp.o  -o cmTryCompileExec2200052404 -rdynamic  ]
  ignore line: [Using built-in specs.]
  ignore line: [COLLECT_GCC=/usr/local/bin/c++]
  ignore line: [COLLECT_LTO_WRAPPER=/usr/local/libexec/gcc/x86_64-pc-linux-gnu/11.2.0/lto-wrapper]
  ignore line: [Target: x86_64-pc-linux-gnu]
  ignore line: [Configured with: ../configure -enable-checking=release -enable-languages=c,c++ -disable-multilib]
  ignore line: [Thread model: posix]
  ignore line: [Supported LTO compression algorithms: zlib]
  ignore line: [gcc version 11.2.0 (GCC) ]
  ignore line: [COMPILER_PATH=/usr/local/libexec/gcc/x86_64-pc-linux-gnu/11.2.0/:/usr/local/libexec/gcc/x86_64-pc-linux-gnu/11.2.0/:/usr/local/libexec/gcc/x86_64-pc-linux-gnu/:/usr/local/lib/gcc/x86_64-pc-linux-gnu/11.2.0/:/usr/local/lib/gcc/x86_64-pc-linux-gnu/]
  ignore line: [LIBRARY_PATH=/usr/local/lib/gcc/x86_64-pc-linux-gnu/11.2.0/:/usr/local/lib/gcc/x86_64-pc-linux-gnu/11.2.0/../../../../lib64/:/lib/../lib64/:/usr/lib/../lib64/:/usr/local/lib/gcc/x86_64-pc-linux-gnu/11.2.0/../../../:/lib/:/usr/lib/]
  ignore line: [COLLECT_GCC_OPTIONS='-v' '-o' 'cmTryCompileExec2200052404' '-rdynamic' '-shared-libgcc' '-mtune=generic' '-march=x86-64' '-dumpdir' 'cmTryCompileExec2200052404.']
  link line: [ /usr/local/libexec/gcc/x86_64-pc-linux-gnu/11.2.0/collect2 -plugin /usr/local/libexec/gcc/x86_64-pc-linux-gnu/11.2.0/liblto_plugin.so -plugin-opt=/usr/local/libexec/gcc/x86_64-pc-linux-gnu/11.2.0/lto-wrapper -plugin-opt=-fresolution=/tmp/ccEFkuLK.res -plugin-opt=-pass-through=-lgcc_s -plugin-opt=-pass-through=-lgcc -plugin-opt=-pass-through=-lc -plugin-opt=-pass-through=-lgcc_s -plugin-opt=-pass-through=-lgcc --eh-frame-hdr -m elf_x86_64 -export-dynamic -dynamic-linker /lib64/ld-linux-x86-64.so.2 -o cmTryCompileExec2200052404 /lib/../lib64/crt1.o /lib/../lib64/crti.o /usr/local/lib/gcc/x86_64-pc-linux-gnu/11.2.0/crtbegin.o -L/usr/local/lib/gcc/x86_64-pc-linux-gnu/11.2.0 -L/usr/local/lib/gcc/x86_64-pc-linux-gnu/11.2.0/../../../../lib64 -L/lib/../lib64 -L/usr/lib/../lib64 -L/usr/local/lib/gcc/x86_64-pc-linux-gnu/11.2.0/../../.. CMakeFiles/cmTryCompileExec2200052404.dir/CMakeCXXCompilerABI.cpp.o -lstdc++ -lm -lgcc_s -lgcc -lc -lgcc_s -lgcc /usr/local/lib/gcc/x86_64-pc-linux-gnu/11.2.0/crtend.o /lib/../lib64/crtn.o]
    arg [/usr/local/libexec/gcc/x86_64-pc-linux-gnu/11.2.0/collect2] ==> ignore
    arg [-plugin] ==> ignore
    arg [/usr/local/libexec/gcc/x86_64-pc-linux-gnu/11.2.0/liblto_plugin.so] ==> ignore
    arg [-plugin-opt=/usr/local/libexec/gcc/x86_64-pc-linux-gnu/11.2.0/lto-wrapper] ==> ignore
    arg [-plugin-opt=-fresolution=/tmp/ccEFkuLK.res] ==> ignore
    arg [-plugin-opt=-pass-through=-lgcc_s] ==> ignore
    arg [-plugin-opt=-pass-through=-lgcc] ==> ignore
    arg [-plugin-opt=-pass-through=-lc] ==> ignore
    arg [-plugin-opt=-pass-through=-lgcc_s] ==> ignore
    arg [-plugin-opt=-pass-through=-lgcc] ==> ignore
    arg [--eh-frame-hdr] ==> ignore
    arg [-m] ==> ignore
    arg [elf_x86_64] ==> ignore
    arg [-export-dynamic] ==> ignore
    arg [-dynamic-linker] ==> ignore
    arg [/lib64/ld-linux-x86-64.so.2] ==> ignore
    arg [-o] ==> ignore
    arg [cmTryCompileExec2200052404] ==> ignore
    arg [/lib/../lib64/crt1.o] ==> ignore
    arg [/lib/../lib64/crti.o] ==> ignore
    arg [/usr/local/lib/gcc/x86_64-pc-linux-gnu/11.2.0/crtbegin.o] ==> ignore
    arg [-L/usr/local/lib/gcc/x86_64-pc-linux-gnu/11.2.0] ==> dir [/usr/local/lib/gcc/x86_64-pc-linux-gnu/11.2.0]
    arg [-L/usr/local/lib/gcc/x86_64-pc-linux-gnu/11.2.0/../../../../lib64] ==> dir [/usr/local/lib/gcc/x86_64-pc-linux-gnu/11.2.0/../../../../lib64]
    arg [-L/lib/../lib64] ==> dir [/lib/../lib64]
    arg [-L/usr/lib/../lib64] ==> dir [/usr/lib/../lib64]
    arg [-L/usr/local/lib/gcc/x86_64-pc-linux-gnu/11.2.0/../../..] ==> dir [/usr/local/lib/gcc/x86_64-pc-linux-gnu/11.2.0/../../..]
    arg [CMakeFiles/cmTryCompileExec2200052404.dir/CMakeCXXCompilerABI.cpp.o] ==> ignore
    arg [-lstdc++] ==> lib [stdc++]
    arg [-lm] ==> lib [m]
    arg [-lgcc_s] ==> lib [gcc_s]
    arg [-lgcc] ==> lib [gcc]
    arg [-lc] ==> lib [c]
    arg [-lgcc_s] ==> lib [gcc_s]
    arg [-lgcc] ==> lib [gcc]
    arg [/usr/local/lib/gcc/x86_64-pc-linux-gnu/11.2.0/crtend.o] ==> ignore
    arg [/lib/../lib64/crtn.o] ==> ignore
  remove lib [gcc_s]
  remove lib [gcc]
  remove lib [gcc_s]
  remove lib [gcc]
  collapse library dir [/usr/local/lib/gcc/x86_64-pc-linux-gnu/11.2.0] ==> [/usr/local/lib/gcc/x86_64-pc-linux-gnu/11.2.0]
  collapse library dir [/usr/local/lib/gcc/x86_64-pc-linux-gnu/11.2.0/../../../../lib64] ==> [/usr/local/lib64]
  collapse library dir [/lib/../lib64] ==> [/lib64]
  collapse library dir [/usr/lib/../lib64] ==> [/usr/lib64]
  collapse library dir [/usr/local/lib/gcc/x86_64-pc-linux-gnu/11.2.0/../../..] ==> [/usr/local/lib]
  implicit libs: [stdc++;m;c]
  implicit dirs: [/usr/local/lib/gcc/x86_64-pc-linux-gnu/11.2.0;/usr/local/lib64;/lib64;/usr/lib64;/usr/local/lib]
  implicit fwks: []


